<?xml version="1.0" encoding="UTF-8"?>
<!-- Generated by org.testng.reporters.JUnitReportReporter -->
<testsuite hostname="SRIRAMA1020" failures="0" tests="8" name="TestRunner.MyTestRunner2" time="104.311" errors="0" timestamp="2024-01-11T12:28:37 EST" skipped="0">
  <testcase classname="TestRunner.MyTestRunner2" name="runScenario" time="12.929"/>
  <testcase classname="TestRunner.MyTestRunner2" name="runScenario" time="12.971"/>
  <testcase classname="TestRunner.MyTestRunner2" name="runScenario" time="12.797"/>
  <testcase classname="TestRunner.MyTestRunner2" name="runScenario" time="12.897"/>
  <testcase classname="TestRunner.MyTestRunner2" name="runScenario" time="12.957"/>
  <testcase classname="TestRunner.MyTestRunner2" name="runScenario" time="13.093"/>
  <testcase classname="TestRunner.MyTestRunner2" name="runScenario" time="13.597"/>
  <testcase classname="TestRunner.MyTestRunner2" name="runScenario" time="13.070"/>
</testsuite> <!-- TestRunner.MyTestRunner2 -->
